-outxml
-source
1.6
-target
1.6
-classpath
C:\Users\mknuts6173c\.m2\repository\org\springframework\spring-context\3.1.0.RELEASE\spring-context-3.1.0.RELEASE.jar;C:\Users\mknuts6173c\.m2\repository\javax\inject\javax.inject\1\javax.inject-1.jar;C:\Users\mknuts6173c\.m2\repository\org\springframework\spring-context-support\3.1.0.RELEASE\spring-context-support-3.1.0.RELEASE.jar;C:\Users\mknuts6173c\.m2\repository\org\springframework\spring-aop\3.1.0.RELEASE\spring-aop-3.1.0.RELEASE.jar;C:\Users\mknuts6173c\.m2\repository\org\aspectj\aspectjrt\1.6.9\aspectjrt-1.6.9.jar;C:\Users\mknuts6173c\.m2\repository\org\aspectj\aspectjtools\1.6.9\aspectjtools-1.6.9.jar;C:\Users\mknuts6173c\.m2\repository\cglib\cglib\2.2.2\cglib-2.2.2.jar;C:\Users\mknuts6173c\.m2\repository\org\apache\commons\commons-lang3\3.1\commons-lang3-3.1.jar;C:\Users\mknuts6173c\.m2\repository\org\slf4j\slf4j-api\1.5.10\slf4j-api-1.5.10.jar;C:\Users\mknuts6173c\.m2\repository\org\slf4j\jcl-over-slf4j\1.5.10\jcl-over-slf4j-1.5.10.jar;C:\Users\mknuts6173c\.m2\repository\org\slf4j\slf4j-log4j12\1.5.10\slf4j-log4j12-1.5.10.jar;C:\Users\mknuts6173c\.m2\repository\log4j\log4j\1.2.15\log4j-1.2.15.jar;C:\Users\mknuts6173c\.m2\repository\ch\qos\logback\logback-classic\1.0.0\logback-classic-1.0.0.jar;C:\Users\mknuts6173c\.m2\repository\ch\qos\logback\logback-core\1.0.1\logback-core-1.0.1.jar;C:\Users\mknuts6173c\.m2\repository\junit\junit\4.10\junit-4.10.jar;C:\Users\mknuts6173c\.m2\repository\org\hamcrest\hamcrest-all\1.1\hamcrest-all-1.1.jar;C:\Users\mknuts6173c\.m2\repository\org\springframework\spring-test\3.1.0.RELEASE\spring-test-3.1.0.RELEASE.jar;C:\Users\mknuts6173c\.m2\repository\org\mockito\mockito-all\1.9.0\mockito-all-1.9.0.jar;C:\Users\mknuts6173c\.m2\repository\org\powermock\powermock-module-junit4\1.4.11\powermock-module-junit4-1.4.11.jar;C:\Users\mknuts6173c\.m2\repository\org\powermock\powermock-api-mockito\1.4.11\powermock-api-mockito-1.4.11.jar;C:\Users\mknuts6173c\.m2\repository\org\springframework\spring-beans\3.1.0.RELEASE\spring-beans-3.1.0.RELEASE.jar;C:\Users\mknuts6173c\.m2\repository\org\springframework\spring-core\3.1.0.RELEASE\spring-core-3.1.0.RELEASE.jar;C:\Users\mknuts6173c\.m2\repository\org\springframework\spring-expression\3.1.0.RELEASE\spring-expression-3.1.0.RELEASE.jar;C:\Users\mknuts6173c\.m2\repository\org\springframework\spring-asm\3.1.0.RELEASE\spring-asm-3.1.0.RELEASE.jar;C:\Users\mknuts6173c\.m2\repository\aopalliance\aopalliance\1.0\aopalliance-1.0.jar;C:\Users\mknuts6173c\.m2\repository\asm\asm\3.3.1\asm-3.3.1.jar;C:\usr\SYNCH\projects\Git-Hub\SpringCertification\SpringUtility\target\classes
-d
C:\usr\SYNCH\projects\Git-Hub\SpringCertification\SpringUtility\target\classes
C:\usr\SYNCH\projects\Git-Hub\SpringCertification\SpringUtility\src\main\java\com\baselogic\annotations\Timestamp.java
C:\usr\SYNCH\projects\Git-Hub\SpringCertification\SpringUtility\src\main\java\com\baselogic\aspects\SimpleAdvice.java
C:\usr\SYNCH\projects\Git-Hub\SpringCertification\SpringUtility\src\main\java\com\baselogic\common\ComponentBeanFactoryPostProcessor.java
C:\usr\SYNCH\projects\Git-Hub\SpringCertification\SpringUtility\src\main\java\com\baselogic\common\ComponentBeanPostProcessor.java
C:\usr\SYNCH\projects\Git-Hub\SpringCertification\SpringUtility\src\main\java\com\baselogic\common\ComponentFactory.java
C:\usr\SYNCH\projects\Git-Hub\SpringCertification\SpringUtility\src\main\java\com\baselogic\common\ComponentProxyFactoryBean.java
C:\usr\SYNCH\projects\Git-Hub\SpringCertification\SpringUtility\src\main\java\com\baselogic\common\SimpleBean.java
C:\usr\SYNCH\projects\Git-Hub\SpringCertification\SpringUtility\src\main\java\com\baselogic\components\ConstructorInjectionComponent.java
C:\usr\SYNCH\projects\Git-Hub\SpringCertification\SpringUtility\src\main\java\com\baselogic\components\PropertyInjectionComponent.java
C:\usr\SYNCH\projects\Git-Hub\SpringCertification\SpringUtility\src\main\java\com\baselogic\configuration\JavaConfiguration.java
C:\usr\SYNCH\projects\Git-Hub\SpringCertification\SpringUtility\src\main\java\com\baselogic\dao\ExampleDAO.java
C:\usr\SYNCH\projects\Git-Hub\SpringCertification\SpringUtility\src\main\java\com\baselogic\dao\OrderDAO.java
C:\usr\SYNCH\projects\Git-Hub\SpringCertification\SpringUtility\src\main\java\com\baselogic\dao\OrderHibernateDAOImpl.java
C:\usr\SYNCH\projects\Git-Hub\SpringCertification\SpringUtility\src\main\java\com\baselogic\domain\Activity.java
C:\usr\SYNCH\projects\Git-Hub\SpringCertification\SpringUtility\src\main\java\com\baselogic\domain\Customer.java
C:\usr\SYNCH\projects\Git-Hub\SpringCertification\SpringUtility\src\main\java\com\baselogic\domain\Item.java
C:\usr\SYNCH\projects\Git-Hub\SpringCertification\SpringUtility\src\main\java\com\baselogic\domain\Order.java
C:\usr\SYNCH\projects\Git-Hub\SpringCertification\SpringUtility\src\main\java\com\baselogic\editors\Minion.java
C:\usr\SYNCH\projects\Git-Hub\SpringCertification\SpringUtility\src\main\java\com\baselogic\editors\Owner.java
C:\usr\SYNCH\projects\Git-Hub\SpringCertification\SpringUtility\src\main\java\com\baselogic\editors\PhoneNumber.java
C:\usr\SYNCH\projects\Git-Hub\SpringCertification\SpringUtility\src\main\java\com\baselogic\editors\PhoneNumberEditor.java
C:\usr\SYNCH\projects\Git-Hub\SpringCertification\SpringUtility\src\main\java\com\baselogic\service\ExampleService.java
C:\usr\SYNCH\projects\Git-Hub\SpringCertification\SpringUtility\src\main\java\com\baselogic\service\ExampleServiceImpl.java
C:\usr\SYNCH\projects\Git-Hub\SpringCertification\SpringUtility\src\main\java\com\baselogic\service\ExampleServiceInitializingBeanImpl.java
C:\usr\SYNCH\projects\Git-Hub\SpringCertification\SpringUtility\src\main\java\com\baselogic\service\OrderService.java
C:\usr\SYNCH\projects\Git-Hub\SpringCertification\SpringUtility\src\main\java\com\baselogic\service\OrderServiceImpl.java
C:\usr\SYNCH\projects\Git-Hub\SpringCertification\SpringUtility\src\main\java\com\baselogic\service\UnImplementedService.java
C:\usr\SYNCH\projects\Git-Hub\SpringCertification\SpringUtility\src\main\java\com\baselogic\util\ContextUtils.java
C:\usr\SYNCH\projects\Git-Hub\SpringCertification\SpringUtility\src\main\java\com\baselogic\util\ExampleUtils.java
